2024-03-24 02:40:45 [backend] [31merror[39m: [31mError finding current day contribution[39m {"route":"create-user","error":"Could not find data in contributions"}
2024-03-24 02:41:03 [backend] [31merror[39m: [31mError finding current day contribution[39m {"route":"create-user","error":"Could not find data in contributions"}
2024-03-24 02:44:17 [backend] [31merror[39m: [31mError finding current day contribution[39m {"route":"create-user","error":"Could not find data in contributions"}
2024-03-24 02:44:31 [backend] [31merror[39m: [31mError finding current day contribution[39m {"route":"create-user","error":"Could not find data in contributions"}
2024-03-24 02:44:38 [backend] [31merror[39m: [31mError finding current day contribution[39m {"route":"create-user","error":"Could not find data in contributions"}
2024-03-24 18:27:14 [backend] [31merror[39m: [31mError while fetching habits[39m 
2024-03-24 18:27:14 [backend] [31merror[39m: [31mError while fetching habits[39m 
2024-03-24 18:28:13 [backend] [31merror[39m: [31mError while fetching habits[39m 
2024-03-24 18:28:13 [backend] [31merror[39m: [31mError while fetching habits[39m 
2024-03-24 18:29:21 [backend] [31merror[39m: [31mError while fetching habits[39m 
2024-03-24 18:29:21 [backend] [31merror[39m: [31mError while fetching habits[39m 
2024-03-24 18:31:38 [backend] [31merror[39m: [31mError while fetching habits[39m 
2024-03-24 18:31:38 [backend] [31merror[39m: [31mError while fetching habits[39m 
2024-03-24 18:34:54 [backend] [31merror[39m: [31mError while fetching habits[39m 
2024-03-24 18:34:54 [backend] [31merror[39m: [31mError while fetching habits[39m 
2024-03-24 18:35:45 [backend] [31merror[39m: [31mError while fetching habits[39m 
2024-03-24 18:35:45 [backend] [31merror[39m: [31mError while fetching habits[39m 
2024-03-24 18:36:10 [backend] [31merror[39m: [31minternalServerError is not defined[39m 
2024-03-24 18:36:35 [backend] [31merror[39m: [31minternalServerError is not defined[39m 
2024-03-24 18:37:17 [backend] [31merror[39m: [31mError while fetching habits[39m 
2024-03-24 18:37:17 [backend] [31merror[39m: [31mError while fetching habits[39m 
2024-03-24 18:39:24 [backend] [31merror[39m: [31mError while fetching habits[39m 
2024-03-24 18:39:24 [backend] [31merror[39m: [31mError while fetching habits[39m 
2024-03-24 18:41:26 [backend] [31merror[39m: [31mError while fetching habits[39m 
2024-03-24 18:41:26 [backend] [31merror[39m: [31mError while fetching habits[39m 
2024-03-24 18:43:11 [backend] [31merror[39m: [31mError while fetching habits[39m {"error":{}}
2024-03-24 18:43:12 [backend] [31merror[39m: [31mError while fetching habits[39m {"error":{}}
2024-03-24 18:47:02 [backend] [31merror[39m: [31mError while fetching habits[39m 
2024-03-24 18:47:02 [backend] [31merror[39m: [31mError while fetching habits[39m 
2024-03-24 18:50:24 [backend] [31merror[39m: [31mError while fetching habits[39m 
2024-03-24 18:50:25 [backend] [31merror[39m: [31mError while fetching habits[39m 
2024-03-24 18:52:18 [backend] [31merror[39m: [31mError while fetching habits[39m 
2024-03-24 18:52:19 [backend] [31merror[39m: [31mError while fetching habits[39m 
2024-03-24 18:54:16 [backend] [31merror[39m: [31mError while fetching habits[39m 
2024-03-24 18:54:16 [backend] [31merror[39m: [31mError while fetching habits[39m 
2024-03-24 18:59:31 [backend] [31merror[39m: [31mError while fetching habits[39m 
2024-03-24 18:59:31 [backend] [31merror[39m: [31mError while fetching habits[39m 
2024-03-24 19:05:16 [backend] [31merror[39m: [31mError while fetching habits[39m 
2024-03-24 19:05:16 [backend] [31merror[39m: [31mError while fetching habits[39m 
2024-03-24 19:11:58 [backend] [31merror[39m: [31mError while fetching habits[39m 
2024-03-24 19:11:59 [backend] [31merror[39m: [31mError while fetching habits[39m 
2024-03-24 19:14:04 [backend] [31merror[39m: [31mError while fetching habits[39m 
2024-03-24 19:14:04 [backend] [31merror[39m: [31mError while fetching habits[39m 
2024-03-24 19:16:02 [backend] [31merror[39m: [31mError while fetching habits[39m 
2024-03-24 19:16:02 [backend] [31merror[39m: [31mError while fetching habits[39m 
2024-03-24 19:20:38 [backend] [31merror[39m: [31mError while fetching habits[39m 
2024-03-24 19:20:39 [backend] [31merror[39m: [31mError while fetching habits[39m 
2024-03-24 19:23:43 [backend] [31merror[39m: [31mError while fetching habits[39m 
2024-03-24 19:23:43 [backend] [31merror[39m: [31mError while fetching habits[39m 
2024-03-24 19:27:16 [backend] [31merror[39m: [31mUnexpected end of JSON input[39m 
2024-03-24 19:27:17 [backend] [31merror[39m: [31mError while fetching habits[39m 
2024-03-24 19:27:17 [backend] [31merror[39m: [31mUnexpected end of JSON input[39m 
2024-03-24 19:27:17 [backend] [31merror[39m: [31mError while fetching habits[39m 
2024-03-24 19:27:17 [backend] [31merror[39m: [31mUnexpected end of JSON input[39m 
2024-03-24 19:31:20 [backend] [31merror[39m: [31mError while fetching habits[39m 
2024-03-24 19:31:21 [backend] [31merror[39m: [31mError while fetching habits[39m 
2024-03-24 19:35:31 [backend] [31merror[39m: [31mError while fetching habits[39m 
2024-03-24 19:35:32 [backend] [31merror[39m: [31mError while fetching habits[39m 
2024-03-24 19:39:33 [backend] [31merror[39m: [31mError while fetching habits[39m 
2024-03-24 19:39:34 [backend] [31merror[39m: [31mError while fetching habits[39m 
2024-03-24 19:42:36 [backend] [31merror[39m: [31mError while fetching habits[39m 
2024-03-24 19:42:36 [backend] [31merror[39m: [31mError while fetching habits[39m 
2024-03-24 19:42:37 [backend] [31merror[39m: [31mobject is not iterable (cannot read property Symbol(Symbol.iterator))[39m 
2024-03-24 19:42:38 [backend] [31merror[39m: [31mobject is not iterable (cannot read property Symbol(Symbol.iterator))[39m 
2024-03-24 19:42:39 [backend] [31merror[39m: [31mobject is not iterable (cannot read property Symbol(Symbol.iterator))[39m 
2024-03-24 19:42:39 [backend] [31merror[39m: [31mobject is not iterable (cannot read property Symbol(Symbol.iterator))[39m 
2024-03-24 19:48:14 [backend] [31merror[39m: [31mError while fetching habits[39m 
2024-03-24 19:48:14 [backend] [31merror[39m: [31mError while fetching habits[39m 
2024-03-24 19:48:17 [backend] [31merror[39m: [31mobject is not iterable (cannot read property Symbol(Symbol.iterator))[39m 
2024-03-24 19:48:18 [backend] [31merror[39m: [31mobject is not iterable (cannot read property Symbol(Symbol.iterator))[39m 
2024-03-24 19:48:19 [backend] [31merror[39m: [31mobject is not iterable (cannot read property Symbol(Symbol.iterator))[39m 
2024-03-24 19:48:20 [backend] [31merror[39m: [31mobject is not iterable (cannot read property Symbol(Symbol.iterator))[39m 
2024-03-24 19:48:51 [backend] [31merror[39m: [31mobject is not iterable (cannot read property Symbol(Symbol.iterator))[39m 
2024-03-24 19:49:16 [backend] [31merror[39m: [31mobject is not iterable (cannot read property Symbol(Symbol.iterator))[39m 
2024-03-24 19:49:32 [backend] [31merror[39m: [31mobject is not iterable (cannot read property Symbol(Symbol.iterator))[39m 
2024-03-24 19:54:08 [backend] [31merror[39m: [31mobject is not iterable (cannot read property Symbol(Symbol.iterator))[39m 
2024-03-24 19:54:10 [backend] [31merror[39m: [31mError while fetching habits[39m 
2024-03-24 19:54:10 [backend] [31merror[39m: [31mError while fetching habits[39m 
2024-03-24 19:54:11 [backend] [31merror[39m: [31mobject is not iterable (cannot read property Symbol(Symbol.iterator))[39m 
2024-03-24 19:54:12 [backend] [31merror[39m: [31mobject is not iterable (cannot read property Symbol(Symbol.iterator))[39m 
2024-03-24 19:54:13 [backend] [31merror[39m: [31mobject is not iterable (cannot read property Symbol(Symbol.iterator))[39m 
2024-03-24 19:55:11 [backend] [31merror[39m: [31mobject is not iterable (cannot read property Symbol(Symbol.iterator))[39m 
2024-03-24 19:56:08 [backend] [31merror[39m: [31mobject is not iterable (cannot read property Symbol(Symbol.iterator))[39m 
2024-03-24 19:56:34 [backend] [31merror[39m: [31mobject is not iterable (cannot read property Symbol(Symbol.iterator))[39m 
2024-03-24 19:57:22 [backend] [31merror[39m: [31mobject is not iterable (cannot read property Symbol(Symbol.iterator))[39m 
2024-03-24 20:00:12 [backend] [31merror[39m: [31mError while fetching habits[39m 
2024-03-24 20:00:13 [backend] [31merror[39m: [31mError while fetching habits[39m 
2024-03-24 20:00:13 [backend] [31merror[39m: [31mobject is not iterable (cannot read property Symbol(Symbol.iterator))[39m 
2024-03-24 20:00:15 [backend] [31merror[39m: [31mobject is not iterable (cannot read property Symbol(Symbol.iterator))[39m 
2024-03-24 20:00:16 [backend] [31merror[39m: [31mobject is not iterable (cannot read property Symbol(Symbol.iterator))[39m 
2024-03-24 20:00:16 [backend] [31merror[39m: [31mobject is not iterable (cannot read property Symbol(Symbol.iterator))[39m 
2024-03-24 20:00:36 [backend] [31merror[39m: [31mobject is not iterable (cannot read property Symbol(Symbol.iterator))[39m 
2024-03-24 20:01:58 [backend] [31merror[39m: [31mError while fetching habits[39m 
2024-03-24 20:01:59 [backend] [31merror[39m: [31mError while fetching habits[39m 
2024-03-24 20:01:59 [backend] [31merror[39m: [31mobject is not iterable (cannot read property Symbol(Symbol.iterator))[39m 
2024-03-24 20:02:00 [backend] [31merror[39m: [31mobject is not iterable (cannot read property Symbol(Symbol.iterator))[39m 
2024-03-24 20:02:00 [backend] [31merror[39m: [31mobject is not iterable (cannot read property Symbol(Symbol.iterator))[39m 
2024-03-24 20:02:01 [backend] [31merror[39m: [31mobject is not iterable (cannot read property Symbol(Symbol.iterator))[39m 
2024-03-24 20:04:16 [backend] [31merror[39m: [31mError while fetching habits[39m 
2024-03-24 20:04:17 [backend] [31merror[39m: [31mError while fetching habits[39m 
2024-03-24 20:04:17 [backend] [31merror[39m: [31mobject is not iterable (cannot read property Symbol(Symbol.iterator))[39m 
2024-03-24 20:04:18 [backend] [31merror[39m: [31mobject is not iterable (cannot read property Symbol(Symbol.iterator))[39m 
2024-03-24 20:04:18 [backend] [31merror[39m: [31mobject is not iterable (cannot read property Symbol(Symbol.iterator))[39m 
2024-03-24 20:04:19 [backend] [31merror[39m: [31mobject is not iterable (cannot read property Symbol(Symbol.iterator))[39m 
2024-03-24 20:05:25 [backend] [31merror[39m: [31mobject is not iterable (cannot read property Symbol(Symbol.iterator))[39m 
2024-03-28 14:18:01 [backend] [31merror[39m: [31mError while fetching habits[39m 
2024-03-28 14:18:01 [backend] [31merror[39m: [31mDynamic server usage: Page couldn't be rendered statically because it used `headers`. See more info here: https://nextjs.org/docs/messages/dynamic-server-error[39m 
2024-03-28 14:18:02 [backend] [31merror[39m: [31mError while fetching habit[39m 
2024-03-28 14:19:00 [backend] [31merror[39m: [31mError while fetching habits[39m 
2024-03-28 14:19:01 [backend] [31merror[39m: [31mDynamic server usage: Page couldn't be rendered statically because it used `headers`. See more info here: https://nextjs.org/docs/messages/dynamic-server-error[39m 
2024-03-28 14:19:40 [backend] [31merror[39m: [31mDynamic server usage: Page couldn't be rendered statically because it used `headers`. See more info here: https://nextjs.org/docs/messages/dynamic-server-error[39m 
2024-03-28 14:19:40 [backend] [31merror[39m: [31mError while fetching habits[39m 
2024-03-28 14:21:11 [backend] [31merror[39m: [31mError while fetching habits[39m 
2024-03-28 14:21:12 [backend] [31merror[39m: [31mDynamic server usage: Page couldn't be rendered statically because it used `headers`. See more info here: https://nextjs.org/docs/messages/dynamic-server-error[39m 
2024-03-28 14:27:06 [backend] [31merror[39m: [31mDynamic server usage: Page couldn't be rendered statically because it used `headers`. See more info here: https://nextjs.org/docs/messages/dynamic-server-error[39m 
2024-03-28 14:27:06 [backend] [31merror[39m: [31mError while fetching habits[39m 
2024-03-28 14:28:03 [backend] [31merror[39m: [31mDynamic server usage: Page couldn't be rendered statically because it used `headers`. See more info here: https://nextjs.org/docs/messages/dynamic-server-error[39m 
2024-03-28 14:28:03 [backend] [31merror[39m: [31mError while fetching habits[39m 
2024-03-28 14:28:59 [backend] [31merror[39m: [31mDynamic server usage: Page couldn't be rendered statically because it used `headers`. See more info here: https://nextjs.org/docs/messages/dynamic-server-error[39m 
2024-03-28 14:29:00 [backend] [31merror[39m: [31mError while fetching habits[39m 
2024-03-28 14:33:51 [backend] [31merror[39m: [31mError while fetching habits[39m 
2024-03-28 14:33:51 [backend] [31merror[39m: [31mError while fetching habits[39m 
2024-03-28 14:33:51 [backend] [31merror[39m: [31mError while fetching habits[39m 
2024-03-28 14:34:07 [backend] [31merror[39m: [31mError while fetching habits[39m 
2024-03-28 14:35:13 [backend] [31merror[39m: [31mError while fetching habits[39m 
2024-03-28 14:35:13 [backend] [31merror[39m: [31mError while fetching habits[39m 
2024-03-28 14:35:48 [backend] [31merror[39m: [31mError while fetching habits[39m 
2024-03-28 14:35:48 [backend] [31merror[39m: [31mError while fetching habits[39m 
2024-03-28 14:37:20 [backend] [31merror[39m: [31mError while fetching habits 1[39m 
2024-03-28 14:37:21 [backend] [31merror[39m: [31mError while fetching habits 1[39m 
2024-03-28 14:37:21 [backend] [31merror[39m: [31mError while fetching habits 1[39m 
2024-03-28 14:37:21 [backend] [31merror[39m: [31mError while fetching habits 1[39m 
2024-03-28 14:37:39 [backend] [31merror[39m: [31mError while fetching habits 1[39m 
2024-03-28 14:39:10 [backend] [31merror[39m: [31mError while fetching habits 1[39m 
2024-03-28 14:39:10 [backend] [31merror[39m: [31mError while fetching habits 1[39m 
2024-03-28 14:39:10 [backend] [31merror[39m: [31mError while fetching habits 1[39m 
2024-03-28 14:39:10 [backend] [31merror[39m: [31mError while fetching habits 1[39m 
2024-03-28 14:39:23 [backend] [31merror[39m: [31mError while fetching habits 1[39m 
2024-03-28 14:40:18 [backend] [31merror[39m: [31mError while fetching habits 1[39m 
2024-03-28 14:40:20 [backend] [31merror[39m: [31mError while fetching habits 1[39m 
2024-03-28 14:40:22 [backend] [31merror[39m: [31mError while fetching habits 1[39m 
2024-03-28 14:40:28 [backend] [31merror[39m: [31mError while fetching habits 1[39m 
2024-03-28 14:40:28 [backend] [31merror[39m: [31mError while fetching habits 1[39m 
2024-03-28 14:40:29 [backend] [31merror[39m: [31mError while fetching habits 1[39m 
2024-03-28 14:57:35 [backend] [31merror[39m: [31mError while fetching habits 1[39m 
2024-03-28 14:57:35 [backend] [31merror[39m: [31mError while fetching habits 1[39m 
2024-03-28 14:57:35 [backend] [31merror[39m: [31mError while fetching habits 1[39m 
2024-03-28 14:57:36 [backend] [31merror[39m: [31mError while fetching habits 1[39m 
2024-03-28 14:57:50 [backend] [31merror[39m: [31mError while fetching habits 1[39m 
2024-03-28 14:58:26 [backend] [31merror[39m: [31mError while fetching habits 1[39m 
2024-03-28 14:58:27 [backend] [31merror[39m: [31mResponse.sendData is not a function[39m 
2024-03-28 14:58:31 [backend] [31merror[39m: [31mError while fetching habits 1[39m 
2024-03-28 14:58:32 [backend] [31merror[39m: [31mResponse.send is not a function[39m 
2024-03-28 14:58:34 [backend] [31merror[39m: [31mError while fetching habits 1[39m 
2024-03-28 14:59:20 [backend] [31merror[39m: [31mError while fetching habits 1[39m 
2024-03-28 14:59:21 [backend] [31merror[39m: [31mError while fetching habits 1[39m 
2024-03-28 14:59:21 [backend] [31merror[39m: [31mjson is not defined[39m 
2024-03-28 14:59:25 [backend] [31merror[39m: [31mError while fetching habits 1[39m 
2024-03-28 14:59:35 [backend] [31merror[39m: [31mError while fetching habits 1[39m 
2024-03-28 14:59:44 [backend] [31merror[39m: [31mError while fetching habits 1[39m 
2024-03-28 14:59:45 [backend] [31merror[39m: [31m"[object Object]" is not valid JSON[39m 
2024-03-28 14:59:58 [backend] [31merror[39m: [31mError while fetching habits 1[39m 
2024-03-28 15:00:00 [backend] [31merror[39m: [31mError while fetching habits 1[39m 
2024-03-28 15:00:03 [backend] [31merror[39m: [31mError while fetching habits 1[39m 
2024-03-28 15:00:10 [backend] [31merror[39m: [31mError while fetching habits 1[39m 
2024-03-28 15:04:38 [backend] [31merror[39m: [31mError while fetching habits 1[39m 
2024-03-28 15:04:38 [backend] [31merror[39m: [31mError while fetching habits 1[39m 
2024-03-28 15:04:38 [backend] [31merror[39m: [31mError while fetching habits 1[39m 
2024-03-28 15:04:38 [backend] [31merror[39m: [31mError while fetching habits 1[39m 
2024-03-28 15:05:03 [backend] [31merror[39m: [31mError while fetching habits 1[39m 
2024-03-28 15:05:10 [backend] [31merror[39m: [31mError while fetching habits 1[39m 
2024-03-28 15:05:10 [backend] [31merror[39m: [31mError while fetching habits 1[39m 
2024-03-28 15:05:10 [backend] [31merror[39m: [31mError while fetching habits 1[39m 
2024-03-28 15:05:44 [backend] [31merror[39m: [31mError while fetching habits 1[39m 
2024-03-28 15:05:45 [backend] [31merror[39m: [31mError while fetching habits 1[39m 
2024-03-28 15:05:48 [backend] [31merror[39m: [31mError while fetching habits 1[39m 
2024-03-28 15:05:53 [backend] [31merror[39m: [31mError while fetching habits 1[39m 
2024-03-28 15:06:04 [backend] [31merror[39m: [31mError while fetching habits 1[39m 
2024-03-28 15:06:04 [backend] [31merror[39m: [31mError while fetching habits 1[39m 
2024-03-28 15:06:04 [backend] [31merror[39m: [31mError while fetching habits 1[39m 
2024-03-28 15:06:48 [backend] [31merror[39m: [31mError while fetching habits 1[39m 
2024-03-28 15:09:07 [backend] [31merror[39m: [31mError while fetching habits 1[39m 
2024-03-28 15:09:07 [backend] [31merror[39m: [31mError while fetching habits 1[39m 
2024-03-28 15:09:07 [backend] [31merror[39m: [31mError while fetching habits 1[39m 
2024-03-28 15:09:07 [backend] [31merror[39m: [31mError while fetching habits 1[39m 
2024-03-28 15:32:06 [backend] [31merror[39m: [31mError while fetching habits 1[39m 
2024-03-28 15:32:06 [backend] [31merror[39m: [31mError while fetching habits 1[39m 
2024-03-28 15:32:06 [backend] [31merror[39m: [31mError while fetching habits 1[39m 
2024-03-28 15:32:38 [backend] [31merror[39m: [31mError while fetching habits 1[39m 
2024-03-28 15:33:24 [backend] [31merror[39m: [31mError while fetching habits 1[39m 
2024-03-28 15:33:31 [backend] [31merror[39m: [31mError while fetching habits 1[39m 
2024-03-28 15:33:31 [backend] [31merror[39m: [31mError while fetching habits 1[39m 
2024-03-28 15:33:31 [backend] [31merror[39m: [31mError while fetching habits 1[39m 
2024-03-28 15:54:59 [backend] [31merror[39m: [31mError while fetching habits 1[39m 
2024-03-28 15:54:59 [backend] [31merror[39m: [31mError while fetching habits 1[39m 
2024-03-28 15:54:59 [backend] [31merror[39m: [31mError while fetching habits 1[39m 
2024-03-28 15:55:12 [backend] [31merror[39m: [31mError while fetching habits 1[39m 
2024-03-28 15:55:12 [backend] [31merror[39m: [31mError while fetching habits 1[39m 
2024-03-28 15:55:13 [backend] [31merror[39m: [31mError while fetching habits 1[39m 
2024-03-28 15:57:46 [backend] [31merror[39m: [31mError while fetching habits 1[39m 
2024-03-28 15:57:46 [backend] [31merror[39m: [31mError while fetching habits 1[39m 
2024-03-28 15:57:46 [backend] [31merror[39m: [31mError while fetching habits 1[39m 
2024-03-28 15:57:47 [backend] [31merror[39m: [31mError while fetching habits 1[39m 
2024-03-28 15:58:12 [backend] [31merror[39m: [31mError while fetching habits[39m 
2024-03-28 15:58:22 [backend] [31merror[39m: [31mError while fetching habits[39m 
2024-03-28 15:58:22 [backend] [31merror[39m: [31mError while fetching habits[39m 
2024-03-28 15:58:22 [backend] [31merror[39m: [31mError while fetching habits[39m 
2024-03-28 15:58:39 [backend] [31merror[39m: [31mError while fetching habits 2[39m 
2024-03-28 15:58:51 [backend] [31merror[39m: [31mError while fetching habits 2[39m 
2024-03-28 15:58:52 [backend] [31merror[39m: [31mError while fetching habits 2[39m 
2024-03-28 15:58:52 [backend] [31merror[39m: [31mError while fetching habits 2[39m 
2024-03-28 15:59:03 [backend] [31merror[39m: [31mError while fetching habits 2[39m 
2024-03-28 15:59:03 [backend] [31merror[39m: [31mError while fetching habits 2[39m 
2024-03-28 15:59:03 [backend] [31merror[39m: [31mError while fetching habits 2[39m 
2024-03-28 15:59:12 [backend] [31merror[39m: [31mError while fetching habits 2[39m 
2024-03-28 15:59:20 [backend] [31merror[39m: [31mError while fetching habits 2[39m 
2024-03-28 15:59:21 [backend] [31merror[39m: [31mError while fetching habits 2[39m 
2024-03-28 15:59:21 [backend] [31merror[39m: [31mError while fetching habits 2[39m 
